[2019-02-07T10:09:44,951][INFO ][o.e.e.NodeEnvironment    ] [PuSgBmz] using [1] data paths, mounts [[/ (/dev/disk1s1)]], net usable_space [185.6gb], net total_space [223.3gb], types [apfs]
[2019-02-07T10:09:44,968][INFO ][o.e.e.NodeEnvironment    ] [PuSgBmz] heap size [990.7mb], compressed ordinary object pointers [true]
[2019-02-07T10:09:45,127][INFO ][o.e.n.Node               ] [PuSgBmz] node name derived from node ID [PuSgBmzZSTK7PpAQOoo7Qw]; set [node.name] to override
[2019-02-07T10:09:45,128][INFO ][o.e.n.Node               ] [PuSgBmz] version[6.6.0], pid[702], build[default/tar/a9861f4/2019-01-24T11:27:09.439740Z], OS[Mac OS X/10.13.6/x86_64], JVM[Oracle Corporation/OpenJDK 64-Bit Server VM/11.0.2/11.0.2+9]
[2019-02-07T10:09:45,128][INFO ][o.e.n.Node               ] [PuSgBmz] JVM arguments [-Xms1g, -Xmx1g, -XX:+UseConcMarkSweepGC, -XX:CMSInitiatingOccupancyFraction=75, -XX:+UseCMSInitiatingOccupancyOnly, -Des.networkaddress.cache.ttl=60, -Des.networkaddress.cache.negative.ttl=10, -XX:+AlwaysPreTouch, -Xss1m, -Djava.awt.headless=true, -Dfile.encoding=UTF-8, -Djna.nosys=true, -XX:-OmitStackTraceInFastThrow, -Dio.netty.noUnsafe=true, -Dio.netty.noKeySetOptimization=true, -Dio.netty.recycler.maxCapacityPerThread=0, -Dlog4j.shutdownHookEnabled=false, -Dlog4j2.disable.jmx=true, -Djava.io.tmpdir=/var/folders/23/zdsk41sx3z1_txh0527yrqx40000gn/T/elasticsearch-8808451898492596609, -XX:+HeapDumpOnOutOfMemoryError, -XX:HeapDumpPath=data, -XX:ErrorFile=logs/hs_err_pid%p.log, -Xlog:gc*,gc+age=trace,safepoint:file=logs/gc.log:utctime,pid,tags:filecount=32,filesize=64m, -Djava.locale.providers=COMPAT, -XX:UseAVX=2, -Des.path.home=/Users/karmaalab/Documents/Elasticsearch/elasticsearch-6.6.0, -Des.path.conf=/Users/karmaalab/Documents/Elasticsearch/elasticsearch-6.6.0/config, -Des.distribution.flavor=default, -Des.distribution.type=tar]
[2019-02-07T10:09:48,206][INFO ][o.e.p.PluginsService     ] [PuSgBmz] loaded module [aggs-matrix-stats]
[2019-02-07T10:09:48,207][INFO ][o.e.p.PluginsService     ] [PuSgBmz] loaded module [analysis-common]
[2019-02-07T10:09:48,207][INFO ][o.e.p.PluginsService     ] [PuSgBmz] loaded module [ingest-common]
[2019-02-07T10:09:48,207][INFO ][o.e.p.PluginsService     ] [PuSgBmz] loaded module [lang-expression]
[2019-02-07T10:09:48,208][INFO ][o.e.p.PluginsService     ] [PuSgBmz] loaded module [lang-mustache]
[2019-02-07T10:09:48,208][INFO ][o.e.p.PluginsService     ] [PuSgBmz] loaded module [lang-painless]
[2019-02-07T10:09:48,208][INFO ][o.e.p.PluginsService     ] [PuSgBmz] loaded module [mapper-extras]
[2019-02-07T10:09:48,209][INFO ][o.e.p.PluginsService     ] [PuSgBmz] loaded module [parent-join]
[2019-02-07T10:09:48,209][INFO ][o.e.p.PluginsService     ] [PuSgBmz] loaded module [percolator]
[2019-02-07T10:09:48,209][INFO ][o.e.p.PluginsService     ] [PuSgBmz] loaded module [rank-eval]
[2019-02-07T10:09:48,210][INFO ][o.e.p.PluginsService     ] [PuSgBmz] loaded module [reindex]
[2019-02-07T10:09:48,210][INFO ][o.e.p.PluginsService     ] [PuSgBmz] loaded module [repository-url]
[2019-02-07T10:09:48,210][INFO ][o.e.p.PluginsService     ] [PuSgBmz] loaded module [transport-netty4]
[2019-02-07T10:09:48,210][INFO ][o.e.p.PluginsService     ] [PuSgBmz] loaded module [tribe]
[2019-02-07T10:09:48,211][INFO ][o.e.p.PluginsService     ] [PuSgBmz] loaded module [x-pack-ccr]
[2019-02-07T10:09:48,211][INFO ][o.e.p.PluginsService     ] [PuSgBmz] loaded module [x-pack-core]
[2019-02-07T10:09:48,211][INFO ][o.e.p.PluginsService     ] [PuSgBmz] loaded module [x-pack-deprecation]
[2019-02-07T10:09:48,211][INFO ][o.e.p.PluginsService     ] [PuSgBmz] loaded module [x-pack-graph]
[2019-02-07T10:09:48,212][INFO ][o.e.p.PluginsService     ] [PuSgBmz] loaded module [x-pack-ilm]
[2019-02-07T10:09:48,212][INFO ][o.e.p.PluginsService     ] [PuSgBmz] loaded module [x-pack-logstash]
[2019-02-07T10:09:48,212][INFO ][o.e.p.PluginsService     ] [PuSgBmz] loaded module [x-pack-ml]
[2019-02-07T10:09:48,212][INFO ][o.e.p.PluginsService     ] [PuSgBmz] loaded module [x-pack-monitoring]
[2019-02-07T10:09:48,212][INFO ][o.e.p.PluginsService     ] [PuSgBmz] loaded module [x-pack-rollup]
[2019-02-07T10:09:48,213][INFO ][o.e.p.PluginsService     ] [PuSgBmz] loaded module [x-pack-security]
[2019-02-07T10:09:48,213][INFO ][o.e.p.PluginsService     ] [PuSgBmz] loaded module [x-pack-sql]
[2019-02-07T10:09:48,213][INFO ][o.e.p.PluginsService     ] [PuSgBmz] loaded module [x-pack-upgrade]
[2019-02-07T10:09:48,214][INFO ][o.e.p.PluginsService     ] [PuSgBmz] loaded module [x-pack-watcher]
[2019-02-07T10:09:48,219][INFO ][o.e.p.PluginsService     ] [PuSgBmz] no plugins loaded
[2019-02-07T10:09:55,353][INFO ][o.e.x.s.a.s.FileRolesStore] [PuSgBmz] parsed [0] roles from file [/Users/karmaalab/Documents/Elasticsearch/elasticsearch-6.6.0/config/roles.yml]
[2019-02-07T10:09:56,333][INFO ][o.e.x.m.p.l.CppLogMessageHandler] [PuSgBmz] [controller/720] [Main.cc@109] controller (64 bit): Version 6.6.0 (Build bbb4919f4d17a5) Copyright (c) 2019 Elasticsearch BV
[2019-02-07T10:09:57,267][DEBUG][o.e.a.ActionModule       ] [PuSgBmz] Using REST wrapper from plugin org.elasticsearch.xpack.security.Security
[2019-02-07T10:09:57,752][INFO ][o.e.d.DiscoveryModule    ] [PuSgBmz] using discovery type [zen] and host providers [settings]
[2019-02-07T10:09:59,043][INFO ][o.e.n.Node               ] [PuSgBmz] initialized
[2019-02-07T10:09:59,044][INFO ][o.e.n.Node               ] [PuSgBmz] starting ...
[2019-02-07T10:09:59,372][INFO ][o.e.t.TransportService   ] [PuSgBmz] publish_address {127.0.0.1:9300}, bound_addresses {[::1]:9300}, {127.0.0.1:9300}
[2019-02-07T10:10:02,652][INFO ][o.e.c.s.MasterService    ] [PuSgBmz] zen-disco-elected-as-master ([0] nodes joined), reason: new_master {PuSgBmz}{PuSgBmzZSTK7PpAQOoo7Qw}{qUgIr2tkQ2SO0RDucta-VA}{127.0.0.1}{127.0.0.1:9300}{ml.machine_memory=17179869184, xpack.installed=true, ml.max_open_jobs=20, ml.enabled=true}
[2019-02-07T10:10:02,659][INFO ][o.e.c.s.ClusterApplierService] [PuSgBmz] new_master {PuSgBmz}{PuSgBmzZSTK7PpAQOoo7Qw}{qUgIr2tkQ2SO0RDucta-VA}{127.0.0.1}{127.0.0.1:9300}{ml.machine_memory=17179869184, xpack.installed=true, ml.max_open_jobs=20, ml.enabled=true}, reason: apply cluster state (from master [master {PuSgBmz}{PuSgBmzZSTK7PpAQOoo7Qw}{qUgIr2tkQ2SO0RDucta-VA}{127.0.0.1}{127.0.0.1:9300}{ml.machine_memory=17179869184, xpack.installed=true, ml.max_open_jobs=20, ml.enabled=true} committed version [1] source [zen-disco-elected-as-master ([0] nodes joined)]])
[2019-02-07T10:10:02,731][INFO ][o.e.h.n.Netty4HttpServerTransport] [PuSgBmz] publish_address {127.0.0.1:9200}, bound_addresses {[::1]:9200}, {127.0.0.1:9200}
[2019-02-07T10:10:02,733][INFO ][o.e.n.Node               ] [PuSgBmz] started
[2019-02-07T10:10:03,567][WARN ][o.e.x.s.a.s.m.NativeRoleMappingStore] [PuSgBmz] Failed to clear cache for realms [[]]
[2019-02-07T10:10:03,642][INFO ][o.e.l.LicenseService     ] [PuSgBmz] license [50478853-4836-4d69-a431-f3f9c81e6e13] mode [basic] - valid
[2019-02-07T10:10:03,658][INFO ][o.e.g.GatewayService     ] [PuSgBmz] recovered [7] indices into cluster_state
[2019-02-07T10:10:05,774][INFO ][o.e.c.r.a.AllocationService] [PuSgBmz] Cluster health status changed from [RED] to [YELLOW] (reason: [shards started [[my-index][4], [my-index][0], [my-index][1]] ...]).
[2019-02-07T11:55:10,835][DEBUG][o.e.a.a.i.m.p.TransportPutMappingAction] [PuSgBmz] failed to put mappings on indices [[[novels/XZSJOA35TAiPtaXwC7REsg]]], type [authors]
java.lang.IllegalArgumentException: Rejecting mapping update to [novels] as the final mapping would have more than 1 type: [genre, authors]
	at org.elasticsearch.index.mapper.MapperService.internalMerge(MapperService.java:458) ~[elasticsearch-6.6.0.jar:6.6.0]
	at org.elasticsearch.index.mapper.MapperService.internalMerge(MapperService.java:402) ~[elasticsearch-6.6.0.jar:6.6.0]
	at org.elasticsearch.index.mapper.MapperService.merge(MapperService.java:337) ~[elasticsearch-6.6.0.jar:6.6.0]
	at org.elasticsearch.cluster.metadata.MetaDataMappingService$PutMappingExecutor.applyRequest(MetaDataMappingService.java:314) ~[elasticsearch-6.6.0.jar:6.6.0]
	at org.elasticsearch.cluster.metadata.MetaDataMappingService$PutMappingExecutor.execute(MetaDataMappingService.java:230) ~[elasticsearch-6.6.0.jar:6.6.0]
	at org.elasticsearch.cluster.service.MasterService.executeTasks(MasterService.java:643) ~[elasticsearch-6.6.0.jar:6.6.0]
	at org.elasticsearch.cluster.service.MasterService.calculateTaskOutputs(MasterService.java:272) ~[elasticsearch-6.6.0.jar:6.6.0]
	at org.elasticsearch.cluster.service.MasterService.runTasks(MasterService.java:202) [elasticsearch-6.6.0.jar:6.6.0]
	at org.elasticsearch.cluster.service.MasterService$Batcher.run(MasterService.java:137) [elasticsearch-6.6.0.jar:6.6.0]
	at org.elasticsearch.cluster.service.TaskBatcher.runIfNotProcessed(TaskBatcher.java:150) [elasticsearch-6.6.0.jar:6.6.0]
	at org.elasticsearch.cluster.service.TaskBatcher$BatchedTask.run(TaskBatcher.java:188) [elasticsearch-6.6.0.jar:6.6.0]
	at org.elasticsearch.common.util.concurrent.ThreadContext$ContextPreservingRunnable.run(ThreadContext.java:660) [elasticsearch-6.6.0.jar:6.6.0]
	at org.elasticsearch.common.util.concurrent.PrioritizedEsThreadPoolExecutor$TieBreakingPrioritizedRunnable.runAndClean(PrioritizedEsThreadPoolExecutor.java:244) [elasticsearch-6.6.0.jar:6.6.0]
	at org.elasticsearch.common.util.concurrent.PrioritizedEsThreadPoolExecutor$TieBreakingPrioritizedRunnable.run(PrioritizedEsThreadPoolExecutor.java:207) [elasticsearch-6.6.0.jar:6.6.0]
	at java.util.concurrent.ThreadPoolExecutor.runWorker(ThreadPoolExecutor.java:1128) [?:?]
	at java.util.concurrent.ThreadPoolExecutor$Worker.run(ThreadPoolExecutor.java:628) [?:?]
	at java.lang.Thread.run(Thread.java:834) [?:?]
[2019-02-07T11:55:10,849][DEBUG][o.e.a.b.TransportShardBulkAction] [PuSgBmz] [novels][3] failed to execute bulk item (index) index {[novels][authors][1], source[{"name":"Sidney Sheldon","novels_count":18}]}
java.lang.IllegalArgumentException: Rejecting mapping update to [novels] as the final mapping would have more than 1 type: [genre, authors]
	at org.elasticsearch.index.mapper.MapperService.internalMerge(MapperService.java:458) ~[elasticsearch-6.6.0.jar:6.6.0]
	at org.elasticsearch.index.mapper.MapperService.internalMerge(MapperService.java:402) ~[elasticsearch-6.6.0.jar:6.6.0]
	at org.elasticsearch.index.mapper.MapperService.merge(MapperService.java:337) ~[elasticsearch-6.6.0.jar:6.6.0]
	at org.elasticsearch.cluster.metadata.MetaDataMappingService$PutMappingExecutor.applyRequest(MetaDataMappingService.java:314) ~[elasticsearch-6.6.0.jar:6.6.0]
	at org.elasticsearch.cluster.metadata.MetaDataMappingService$PutMappingExecutor.execute(MetaDataMappingService.java:230) ~[elasticsearch-6.6.0.jar:6.6.0]
	at org.elasticsearch.cluster.service.MasterService.executeTasks(MasterService.java:643) ~[elasticsearch-6.6.0.jar:6.6.0]
	at org.elasticsearch.cluster.service.MasterService.calculateTaskOutputs(MasterService.java:272) ~[elasticsearch-6.6.0.jar:6.6.0]
	at org.elasticsearch.cluster.service.MasterService.runTasks(MasterService.java:202) ~[elasticsearch-6.6.0.jar:6.6.0]
	at org.elasticsearch.cluster.service.MasterService$Batcher.run(MasterService.java:137) ~[elasticsearch-6.6.0.jar:6.6.0]
	at org.elasticsearch.cluster.service.TaskBatcher.runIfNotProcessed(TaskBatcher.java:150) ~[elasticsearch-6.6.0.jar:6.6.0]
	at org.elasticsearch.cluster.service.TaskBatcher$BatchedTask.run(TaskBatcher.java:188) ~[elasticsearch-6.6.0.jar:6.6.0]
	at org.elasticsearch.common.util.concurrent.ThreadContext$ContextPreservingRunnable.run(ThreadContext.java:660) ~[elasticsearch-6.6.0.jar:6.6.0]
	at org.elasticsearch.common.util.concurrent.PrioritizedEsThreadPoolExecutor$TieBreakingPrioritizedRunnable.runAndClean(PrioritizedEsThreadPoolExecutor.java:244) ~[elasticsearch-6.6.0.jar:6.6.0]
	at org.elasticsearch.common.util.concurrent.PrioritizedEsThreadPoolExecutor$TieBreakingPrioritizedRunnable.run(PrioritizedEsThreadPoolExecutor.java:207) ~[elasticsearch-6.6.0.jar:6.6.0]
	at java.util.concurrent.ThreadPoolExecutor.runWorker(ThreadPoolExecutor.java:1128) [?:?]
	at java.util.concurrent.ThreadPoolExecutor$Worker.run(ThreadPoolExecutor.java:628) [?:?]
	at java.lang.Thread.run(Thread.java:834) [?:?]
[2019-02-07T11:59:59,856][INFO ][o.e.c.m.MetaDataCreateIndexService] [PuSgBmz] [english] creating index, cause [auto(bulk api)], templates [], shards [5]/[1], mappings []
[2019-02-07T12:00:00,224][INFO ][o.e.c.m.MetaDataMappingService] [PuSgBmz] [english/T6tEoCe9RuOEB-FM43LsOw] create_mapping [sentence]
[2019-02-07T15:32:35,952][INFO ][o.e.c.m.MetaDataCreateIndexService] [PuSgBmz] [fulltext_optbase] creating index, cause [api], templates [], shards [1]/[1], mappings []
[2019-02-07T15:33:20,392][DEBUG][o.e.a.a.i.m.p.TransportPutMappingAction] [PuSgBmz] failed to put mappings on indices [[[fulltext_opt/SaIlCWAuR4yqFWBeX6dEJA]]], type [articles]
org.elasticsearch.index.mapper.MapperParsingException: No handler for type [string] declared on field [title]
	at org.elasticsearch.index.mapper.ObjectMapper$TypeParser.parseProperties(ObjectMapper.java:276) ~[elasticsearch-6.6.0.jar:6.6.0]
	at org.elasticsearch.index.mapper.ObjectMapper$TypeParser.parseObjectOrDocumentTypeProperties(ObjectMapper.java:200) ~[elasticsearch-6.6.0.jar:6.6.0]
	at org.elasticsearch.index.mapper.RootObjectMapper$TypeParser.parse(RootObjectMapper.java:132) ~[elasticsearch-6.6.0.jar:6.6.0]
	at org.elasticsearch.index.mapper.DocumentMapperParser.parse(DocumentMapperParser.java:112) ~[elasticsearch-6.6.0.jar:6.6.0]
	at org.elasticsearch.index.mapper.DocumentMapperParser.parse(DocumentMapperParser.java:92) ~[elasticsearch-6.6.0.jar:6.6.0]
	at org.elasticsearch.index.mapper.MapperService.parse(MapperService.java:685) ~[elasticsearch-6.6.0.jar:6.6.0]
	at org.elasticsearch.cluster.metadata.MetaDataMappingService$PutMappingExecutor.applyRequest(MetaDataMappingService.java:264) ~[elasticsearch-6.6.0.jar:6.6.0]
	at org.elasticsearch.cluster.metadata.MetaDataMappingService$PutMappingExecutor.execute(MetaDataMappingService.java:230) ~[elasticsearch-6.6.0.jar:6.6.0]
	at org.elasticsearch.cluster.service.MasterService.executeTasks(MasterService.java:643) ~[elasticsearch-6.6.0.jar:6.6.0]
	at org.elasticsearch.cluster.service.MasterService.calculateTaskOutputs(MasterService.java:272) ~[elasticsearch-6.6.0.jar:6.6.0]
	at org.elasticsearch.cluster.service.MasterService.runTasks(MasterService.java:202) [elasticsearch-6.6.0.jar:6.6.0]
	at org.elasticsearch.cluster.service.MasterService$Batcher.run(MasterService.java:137) [elasticsearch-6.6.0.jar:6.6.0]
	at org.elasticsearch.cluster.service.TaskBatcher.runIfNotProcessed(TaskBatcher.java:150) [elasticsearch-6.6.0.jar:6.6.0]
	at org.elasticsearch.cluster.service.TaskBatcher$BatchedTask.run(TaskBatcher.java:188) [elasticsearch-6.6.0.jar:6.6.0]
	at org.elasticsearch.common.util.concurrent.ThreadContext$ContextPreservingRunnable.run(ThreadContext.java:660) [elasticsearch-6.6.0.jar:6.6.0]
	at org.elasticsearch.common.util.concurrent.PrioritizedEsThreadPoolExecutor$TieBreakingPrioritizedRunnable.runAndClean(PrioritizedEsThreadPoolExecutor.java:244) [elasticsearch-6.6.0.jar:6.6.0]
	at org.elasticsearch.common.util.concurrent.PrioritizedEsThreadPoolExecutor$TieBreakingPrioritizedRunnable.run(PrioritizedEsThreadPoolExecutor.java:207) [elasticsearch-6.6.0.jar:6.6.0]
	at java.util.concurrent.ThreadPoolExecutor.runWorker(ThreadPoolExecutor.java:1128) [?:?]
	at java.util.concurrent.ThreadPoolExecutor$Worker.run(ThreadPoolExecutor.java:628) [?:?]
	at java.lang.Thread.run(Thread.java:834) [?:?]
[2019-02-07T15:34:39,158][DEBUG][o.e.a.a.i.m.p.TransportPutMappingAction] [PuSgBmz] failed to put mappings on indices [[[fulltext_optbase/_cuk1AZmS62Vv1xhexYaBQ]]], type [articles]
org.elasticsearch.index.mapper.MapperParsingException: No handler for type [string] declared on field [title]
	at org.elasticsearch.index.mapper.ObjectMapper$TypeParser.parseProperties(ObjectMapper.java:276) ~[elasticsearch-6.6.0.jar:6.6.0]
	at org.elasticsearch.index.mapper.ObjectMapper$TypeParser.parseObjectOrDocumentTypeProperties(ObjectMapper.java:200) ~[elasticsearch-6.6.0.jar:6.6.0]
	at org.elasticsearch.index.mapper.RootObjectMapper$TypeParser.parse(RootObjectMapper.java:132) ~[elasticsearch-6.6.0.jar:6.6.0]
	at org.elasticsearch.index.mapper.DocumentMapperParser.parse(DocumentMapperParser.java:112) ~[elasticsearch-6.6.0.jar:6.6.0]
	at org.elasticsearch.index.mapper.DocumentMapperParser.parse(DocumentMapperParser.java:92) ~[elasticsearch-6.6.0.jar:6.6.0]
	at org.elasticsearch.index.mapper.MapperService.parse(MapperService.java:685) ~[elasticsearch-6.6.0.jar:6.6.0]
	at org.elasticsearch.cluster.metadata.MetaDataMappingService$PutMappingExecutor.applyRequest(MetaDataMappingService.java:264) ~[elasticsearch-6.6.0.jar:6.6.0]
	at org.elasticsearch.cluster.metadata.MetaDataMappingService$PutMappingExecutor.execute(MetaDataMappingService.java:230) ~[elasticsearch-6.6.0.jar:6.6.0]
	at org.elasticsearch.cluster.service.MasterService.executeTasks(MasterService.java:643) ~[elasticsearch-6.6.0.jar:6.6.0]
	at org.elasticsearch.cluster.service.MasterService.calculateTaskOutputs(MasterService.java:272) ~[elasticsearch-6.6.0.jar:6.6.0]
	at org.elasticsearch.cluster.service.MasterService.runTasks(MasterService.java:202) [elasticsearch-6.6.0.jar:6.6.0]
	at org.elasticsearch.cluster.service.MasterService$Batcher.run(MasterService.java:137) [elasticsearch-6.6.0.jar:6.6.0]
	at org.elasticsearch.cluster.service.TaskBatcher.runIfNotProcessed(TaskBatcher.java:150) [elasticsearch-6.6.0.jar:6.6.0]
	at org.elasticsearch.cluster.service.TaskBatcher$BatchedTask.run(TaskBatcher.java:188) [elasticsearch-6.6.0.jar:6.6.0]
	at org.elasticsearch.common.util.concurrent.ThreadContext$ContextPreservingRunnable.run(ThreadContext.java:660) [elasticsearch-6.6.0.jar:6.6.0]
	at org.elasticsearch.common.util.concurrent.PrioritizedEsThreadPoolExecutor$TieBreakingPrioritizedRunnable.runAndClean(PrioritizedEsThreadPoolExecutor.java:244) [elasticsearch-6.6.0.jar:6.6.0]
	at org.elasticsearch.common.util.concurrent.PrioritizedEsThreadPoolExecutor$TieBreakingPrioritizedRunnable.run(PrioritizedEsThreadPoolExecutor.java:207) [elasticsearch-6.6.0.jar:6.6.0]
	at java.util.concurrent.ThreadPoolExecutor.runWorker(ThreadPoolExecutor.java:1128) [?:?]
	at java.util.concurrent.ThreadPoolExecutor$Worker.run(ThreadPoolExecutor.java:628) [?:?]
	at java.lang.Thread.run(Thread.java:834) [?:?]
[2019-02-07T16:02:20,508][INFO ][o.e.c.m.MetaDataCreateIndexService] [PuSgBmz] [full_opt] creating index, cause [api], templates [], shards [1]/[1], mappings []
[2019-02-07T16:05:12,888][DEBUG][o.e.a.a.i.m.p.TransportPutMappingAction] [PuSgBmz] failed to put mappings on indices [[[full_opt/fv0c9GdfS762BL5fAkk8kw]]], type [articles]
org.elasticsearch.index.mapper.MapperParsingException: No handler for type [string] declared on field [title]
	at org.elasticsearch.index.mapper.ObjectMapper$TypeParser.parseProperties(ObjectMapper.java:276) ~[elasticsearch-6.6.0.jar:6.6.0]
	at org.elasticsearch.index.mapper.ObjectMapper$TypeParser.parseObjectOrDocumentTypeProperties(ObjectMapper.java:200) ~[elasticsearch-6.6.0.jar:6.6.0]
	at org.elasticsearch.index.mapper.RootObjectMapper$TypeParser.parse(RootObjectMapper.java:132) ~[elasticsearch-6.6.0.jar:6.6.0]
	at org.elasticsearch.index.mapper.DocumentMapperParser.parse(DocumentMapperParser.java:112) ~[elasticsearch-6.6.0.jar:6.6.0]
	at org.elasticsearch.index.mapper.DocumentMapperParser.parse(DocumentMapperParser.java:92) ~[elasticsearch-6.6.0.jar:6.6.0]
	at org.elasticsearch.index.mapper.MapperService.parse(MapperService.java:685) ~[elasticsearch-6.6.0.jar:6.6.0]
	at org.elasticsearch.cluster.metadata.MetaDataMappingService$PutMappingExecutor.applyRequest(MetaDataMappingService.java:264) ~[elasticsearch-6.6.0.jar:6.6.0]
	at org.elasticsearch.cluster.metadata.MetaDataMappingService$PutMappingExecutor.execute(MetaDataMappingService.java:230) ~[elasticsearch-6.6.0.jar:6.6.0]
	at org.elasticsearch.cluster.service.MasterService.executeTasks(MasterService.java:643) ~[elasticsearch-6.6.0.jar:6.6.0]
	at org.elasticsearch.cluster.service.MasterService.calculateTaskOutputs(MasterService.java:272) ~[elasticsearch-6.6.0.jar:6.6.0]
	at org.elasticsearch.cluster.service.MasterService.runTasks(MasterService.java:202) [elasticsearch-6.6.0.jar:6.6.0]
	at org.elasticsearch.cluster.service.MasterService$Batcher.run(MasterService.java:137) [elasticsearch-6.6.0.jar:6.6.0]
	at org.elasticsearch.cluster.service.TaskBatcher.runIfNotProcessed(TaskBatcher.java:150) [elasticsearch-6.6.0.jar:6.6.0]
	at org.elasticsearch.cluster.service.TaskBatcher$BatchedTask.run(TaskBatcher.java:188) [elasticsearch-6.6.0.jar:6.6.0]
	at org.elasticsearch.common.util.concurrent.ThreadContext$ContextPreservingRunnable.run(ThreadContext.java:660) [elasticsearch-6.6.0.jar:6.6.0]
	at org.elasticsearch.common.util.concurrent.PrioritizedEsThreadPoolExecutor$TieBreakingPrioritizedRunnable.runAndClean(PrioritizedEsThreadPoolExecutor.java:244) [elasticsearch-6.6.0.jar:6.6.0]
	at org.elasticsearch.common.util.concurrent.PrioritizedEsThreadPoolExecutor$TieBreakingPrioritizedRunnable.run(PrioritizedEsThreadPoolExecutor.java:207) [elasticsearch-6.6.0.jar:6.6.0]
	at java.util.concurrent.ThreadPoolExecutor.runWorker(ThreadPoolExecutor.java:1128) [?:?]
	at java.util.concurrent.ThreadPoolExecutor$Worker.run(ThreadPoolExecutor.java:628) [?:?]
	at java.lang.Thread.run(Thread.java:834) [?:?]
[2019-02-07T16:10:18,653][INFO ][o.e.c.m.MetaDataDeleteIndexService] [PuSgBmz] [full_opt/fv0c9GdfS762BL5fAkk8kw] deleting index
[2019-02-07T16:11:08,339][INFO ][o.e.c.m.MetaDataDeleteIndexService] [PuSgBmz] [fulltext_opt/SaIlCWAuR4yqFWBeX6dEJA] deleting index
[2019-02-07T16:12:26,941][INFO ][o.e.c.m.MetaDataCreateIndexService] [PuSgBmz] [fulltext_opt] creating index, cause [api], templates [], shards [1]/[1], mappings []
[2019-02-07T16:13:09,856][DEBUG][o.e.a.a.i.m.p.TransportPutMappingAction] [PuSgBmz] failed to put mappings on indices [[[fulltext_opt/zflcRDq9SZywR73w6UlqCg]]], type [articles]
org.elasticsearch.index.mapper.MapperParsingException: No handler for type [string] declared on field [title]
	at org.elasticsearch.index.mapper.ObjectMapper$TypeParser.parseProperties(ObjectMapper.java:276) ~[elasticsearch-6.6.0.jar:6.6.0]
	at org.elasticsearch.index.mapper.ObjectMapper$TypeParser.parseObjectOrDocumentTypeProperties(ObjectMapper.java:200) ~[elasticsearch-6.6.0.jar:6.6.0]
	at org.elasticsearch.index.mapper.RootObjectMapper$TypeParser.parse(RootObjectMapper.java:132) ~[elasticsearch-6.6.0.jar:6.6.0]
	at org.elasticsearch.index.mapper.DocumentMapperParser.parse(DocumentMapperParser.java:112) ~[elasticsearch-6.6.0.jar:6.6.0]
	at org.elasticsearch.index.mapper.DocumentMapperParser.parse(DocumentMapperParser.java:92) ~[elasticsearch-6.6.0.jar:6.6.0]
	at org.elasticsearch.index.mapper.MapperService.parse(MapperService.java:685) ~[elasticsearch-6.6.0.jar:6.6.0]
	at org.elasticsearch.cluster.metadata.MetaDataMappingService$PutMappingExecutor.applyRequest(MetaDataMappingService.java:264) ~[elasticsearch-6.6.0.jar:6.6.0]
	at org.elasticsearch.cluster.metadata.MetaDataMappingService$PutMappingExecutor.execute(MetaDataMappingService.java:230) ~[elasticsearch-6.6.0.jar:6.6.0]
	at org.elasticsearch.cluster.service.MasterService.executeTasks(MasterService.java:643) ~[elasticsearch-6.6.0.jar:6.6.0]
	at org.elasticsearch.cluster.service.MasterService.calculateTaskOutputs(MasterService.java:272) ~[elasticsearch-6.6.0.jar:6.6.0]
	at org.elasticsearch.cluster.service.MasterService.runTasks(MasterService.java:202) [elasticsearch-6.6.0.jar:6.6.0]
	at org.elasticsearch.cluster.service.MasterService$Batcher.run(MasterService.java:137) [elasticsearch-6.6.0.jar:6.6.0]
	at org.elasticsearch.cluster.service.TaskBatcher.runIfNotProcessed(TaskBatcher.java:150) [elasticsearch-6.6.0.jar:6.6.0]
	at org.elasticsearch.cluster.service.TaskBatcher$BatchedTask.run(TaskBatcher.java:188) [elasticsearch-6.6.0.jar:6.6.0]
	at org.elasticsearch.common.util.concurrent.ThreadContext$ContextPreservingRunnable.run(ThreadContext.java:660) [elasticsearch-6.6.0.jar:6.6.0]
	at org.elasticsearch.common.util.concurrent.PrioritizedEsThreadPoolExecutor$TieBreakingPrioritizedRunnable.runAndClean(PrioritizedEsThreadPoolExecutor.java:244) [elasticsearch-6.6.0.jar:6.6.0]
	at org.elasticsearch.common.util.concurrent.PrioritizedEsThreadPoolExecutor$TieBreakingPrioritizedRunnable.run(PrioritizedEsThreadPoolExecutor.java:207) [elasticsearch-6.6.0.jar:6.6.0]
	at java.util.concurrent.ThreadPoolExecutor.runWorker(ThreadPoolExecutor.java:1128) [?:?]
	at java.util.concurrent.ThreadPoolExecutor$Worker.run(ThreadPoolExecutor.java:628) [?:?]
	at java.lang.Thread.run(Thread.java:834) [?:?]
[2019-02-07T16:17:04,133][DEBUG][o.e.a.a.i.m.p.TransportPutMappingAction] [PuSgBmz] failed to put mappings on indices [[[fulltext_opt/zflcRDq9SZywR73w6UlqCg]]], type [_mappingmongo]
org.elasticsearch.indices.InvalidTypeNameException: Document mapping type name can't start with '_', found: [_mappingmongo]
	at org.elasticsearch.cluster.metadata.MetaDataMappingService$PutMappingExecutor.applyRequest(MetaDataMappingService.java:299) ~[elasticsearch-6.6.0.jar:6.6.0]
	at org.elasticsearch.cluster.metadata.MetaDataMappingService$PutMappingExecutor.execute(MetaDataMappingService.java:230) ~[elasticsearch-6.6.0.jar:6.6.0]
	at org.elasticsearch.cluster.service.MasterService.executeTasks(MasterService.java:643) ~[elasticsearch-6.6.0.jar:6.6.0]
	at org.elasticsearch.cluster.service.MasterService.calculateTaskOutputs(MasterService.java:272) ~[elasticsearch-6.6.0.jar:6.6.0]
	at org.elasticsearch.cluster.service.MasterService.runTasks(MasterService.java:202) [elasticsearch-6.6.0.jar:6.6.0]
	at org.elasticsearch.cluster.service.MasterService$Batcher.run(MasterService.java:137) [elasticsearch-6.6.0.jar:6.6.0]
	at org.elasticsearch.cluster.service.TaskBatcher.runIfNotProcessed(TaskBatcher.java:150) [elasticsearch-6.6.0.jar:6.6.0]
	at org.elasticsearch.cluster.service.TaskBatcher$BatchedTask.run(TaskBatcher.java:188) [elasticsearch-6.6.0.jar:6.6.0]
	at org.elasticsearch.common.util.concurrent.ThreadContext$ContextPreservingRunnable.run(ThreadContext.java:660) [elasticsearch-6.6.0.jar:6.6.0]
	at org.elasticsearch.common.util.concurrent.PrioritizedEsThreadPoolExecutor$TieBreakingPrioritizedRunnable.runAndClean(PrioritizedEsThreadPoolExecutor.java:244) [elasticsearch-6.6.0.jar:6.6.0]
	at org.elasticsearch.common.util.concurrent.PrioritizedEsThreadPoolExecutor$TieBreakingPrioritizedRunnable.run(PrioritizedEsThreadPoolExecutor.java:207) [elasticsearch-6.6.0.jar:6.6.0]
	at java.util.concurrent.ThreadPoolExecutor.runWorker(ThreadPoolExecutor.java:1128) [?:?]
	at java.util.concurrent.ThreadPoolExecutor$Worker.run(ThreadPoolExecutor.java:628) [?:?]
	at java.lang.Thread.run(Thread.java:834) [?:?]
[2019-02-07T16:17:04,136][DEBUG][o.e.a.b.TransportShardBulkAction] [PuSgBmz] [fulltext_opt][0] failed to execute bulk item (index) index {[fulltext_opt][_mappingmongo][articles], source[{            "articles": {                "properties": {                    "title": {                        "type":     "string",                        "analyzer": "autocomplete"                    },                    "content": {                        "type":    "string"                    }                }            }        }]}
org.elasticsearch.indices.InvalidTypeNameException: Document mapping type name can't start with '_', found: [_mappingmongo]
	at org.elasticsearch.cluster.metadata.MetaDataMappingService$PutMappingExecutor.applyRequest(MetaDataMappingService.java:299) ~[elasticsearch-6.6.0.jar:6.6.0]
	at org.elasticsearch.cluster.metadata.MetaDataMappingService$PutMappingExecutor.execute(MetaDataMappingService.java:230) ~[elasticsearch-6.6.0.jar:6.6.0]
	at org.elasticsearch.cluster.service.MasterService.executeTasks(MasterService.java:643) ~[elasticsearch-6.6.0.jar:6.6.0]
	at org.elasticsearch.cluster.service.MasterService.calculateTaskOutputs(MasterService.java:272) ~[elasticsearch-6.6.0.jar:6.6.0]
	at org.elasticsearch.cluster.service.MasterService.runTasks(MasterService.java:202) ~[elasticsearch-6.6.0.jar:6.6.0]
	at org.elasticsearch.cluster.service.MasterService$Batcher.run(MasterService.java:137) ~[elasticsearch-6.6.0.jar:6.6.0]
	at org.elasticsearch.cluster.service.TaskBatcher.runIfNotProcessed(TaskBatcher.java:150) ~[elasticsearch-6.6.0.jar:6.6.0]
	at org.elasticsearch.cluster.service.TaskBatcher$BatchedTask.run(TaskBatcher.java:188) ~[elasticsearch-6.6.0.jar:6.6.0]
	at org.elasticsearch.common.util.concurrent.ThreadContext$ContextPreservingRunnable.run(ThreadContext.java:660) ~[elasticsearch-6.6.0.jar:6.6.0]
	at org.elasticsearch.common.util.concurrent.PrioritizedEsThreadPoolExecutor$TieBreakingPrioritizedRunnable.runAndClean(PrioritizedEsThreadPoolExecutor.java:244) ~[elasticsearch-6.6.0.jar:6.6.0]
	at org.elasticsearch.common.util.concurrent.PrioritizedEsThreadPoolExecutor$TieBreakingPrioritizedRunnable.run(PrioritizedEsThreadPoolExecutor.java:207) ~[elasticsearch-6.6.0.jar:6.6.0]
	at java.util.concurrent.ThreadPoolExecutor.runWorker(ThreadPoolExecutor.java:1128) [?:?]
	at java.util.concurrent.ThreadPoolExecutor$Worker.run(ThreadPoolExecutor.java:628) [?:?]
	at java.lang.Thread.run(Thread.java:834) [?:?]
[2019-02-07T16:21:23,819][DEBUG][o.e.a.a.i.m.p.TransportPutMappingAction] [PuSgBmz] failed to put mappings on indices [[[fulltext_opt/zflcRDq9SZywR73w6UlqCg]]], type [articles]
org.elasticsearch.common.compress.NotXContentException: Compressor detection can only be called on some xcontent bytes or compressed xcontent bytes
	at org.elasticsearch.common.compress.CompressorFactory.compressor(CompressorFactory.java:56) ~[elasticsearch-6.6.0.jar:6.6.0]
	at org.elasticsearch.common.compress.CompressedXContent.<init>(CompressedXContent.java:101) ~[elasticsearch-6.6.0.jar:6.6.0]
	at org.elasticsearch.common.compress.CompressedXContent.<init>(CompressedXContent.java:127) ~[elasticsearch-6.6.0.jar:6.6.0]
	at org.elasticsearch.cluster.metadata.MetaDataMappingService$PutMappingExecutor.applyRequest(MetaDataMappingService.java:245) ~[elasticsearch-6.6.0.jar:6.6.0]
	at org.elasticsearch.cluster.metadata.MetaDataMappingService$PutMappingExecutor.execute(MetaDataMappingService.java:230) ~[elasticsearch-6.6.0.jar:6.6.0]
	at org.elasticsearch.cluster.service.MasterService.executeTasks(MasterService.java:643) ~[elasticsearch-6.6.0.jar:6.6.0]
	at org.elasticsearch.cluster.service.MasterService.calculateTaskOutputs(MasterService.java:272) ~[elasticsearch-6.6.0.jar:6.6.0]
	at org.elasticsearch.cluster.service.MasterService.runTasks(MasterService.java:202) [elasticsearch-6.6.0.jar:6.6.0]
	at org.elasticsearch.cluster.service.MasterService$Batcher.run(MasterService.java:137) [elasticsearch-6.6.0.jar:6.6.0]
	at org.elasticsearch.cluster.service.TaskBatcher.runIfNotProcessed(TaskBatcher.java:150) [elasticsearch-6.6.0.jar:6.6.0]
	at org.elasticsearch.cluster.service.TaskBatcher$BatchedTask.run(TaskBatcher.java:188) [elasticsearch-6.6.0.jar:6.6.0]
	at org.elasticsearch.common.util.concurrent.ThreadContext$ContextPreservingRunnable.run(ThreadContext.java:660) [elasticsearch-6.6.0.jar:6.6.0]
	at org.elasticsearch.common.util.concurrent.PrioritizedEsThreadPoolExecutor$TieBreakingPrioritizedRunnable.runAndClean(PrioritizedEsThreadPoolExecutor.java:244) [elasticsearch-6.6.0.jar:6.6.0]
	at org.elasticsearch.common.util.concurrent.PrioritizedEsThreadPoolExecutor$TieBreakingPrioritizedRunnable.run(PrioritizedEsThreadPoolExecutor.java:207) [elasticsearch-6.6.0.jar:6.6.0]
	at java.util.concurrent.ThreadPoolExecutor.runWorker(ThreadPoolExecutor.java:1128) [?:?]
	at java.util.concurrent.ThreadPoolExecutor$Worker.run(ThreadPoolExecutor.java:628) [?:?]
	at java.lang.Thread.run(Thread.java:834) [?:?]
[2019-02-07T16:21:23,821][WARN ][r.suppressed             ] [PuSgBmz] path: /fulltext_opt/_mapping/articles, params: {index=fulltext_opt, type=articles}
org.elasticsearch.common.compress.NotXContentException: Compressor detection can only be called on some xcontent bytes or compressed xcontent bytes
	at org.elasticsearch.common.compress.CompressorFactory.compressor(CompressorFactory.java:56) ~[elasticsearch-6.6.0.jar:6.6.0]
	at org.elasticsearch.common.compress.CompressedXContent.<init>(CompressedXContent.java:101) ~[elasticsearch-6.6.0.jar:6.6.0]
	at org.elasticsearch.common.compress.CompressedXContent.<init>(CompressedXContent.java:127) ~[elasticsearch-6.6.0.jar:6.6.0]
	at org.elasticsearch.cluster.metadata.MetaDataMappingService$PutMappingExecutor.applyRequest(MetaDataMappingService.java:245) ~[elasticsearch-6.6.0.jar:6.6.0]
	at org.elasticsearch.cluster.metadata.MetaDataMappingService$PutMappingExecutor.execute(MetaDataMappingService.java:230) ~[elasticsearch-6.6.0.jar:6.6.0]
	at org.elasticsearch.cluster.service.MasterService.executeTasks(MasterService.java:643) ~[elasticsearch-6.6.0.jar:6.6.0]
	at org.elasticsearch.cluster.service.MasterService.calculateTaskOutputs(MasterService.java:272) ~[elasticsearch-6.6.0.jar:6.6.0]
	at org.elasticsearch.cluster.service.MasterService.runTasks(MasterService.java:202) [elasticsearch-6.6.0.jar:6.6.0]
	at org.elasticsearch.cluster.service.MasterService$Batcher.run(MasterService.java:137) [elasticsearch-6.6.0.jar:6.6.0]
	at org.elasticsearch.cluster.service.TaskBatcher.runIfNotProcessed(TaskBatcher.java:150) [elasticsearch-6.6.0.jar:6.6.0]
	at org.elasticsearch.cluster.service.TaskBatcher$BatchedTask.run(TaskBatcher.java:188) [elasticsearch-6.6.0.jar:6.6.0]
	at org.elasticsearch.common.util.concurrent.ThreadContext$ContextPreservingRunnable.run(ThreadContext.java:660) [elasticsearch-6.6.0.jar:6.6.0]
	at org.elasticsearch.common.util.concurrent.PrioritizedEsThreadPoolExecutor$TieBreakingPrioritizedRunnable.runAndClean(PrioritizedEsThreadPoolExecutor.java:244) [elasticsearch-6.6.0.jar:6.6.0]
	at org.elasticsearch.common.util.concurrent.PrioritizedEsThreadPoolExecutor$TieBreakingPrioritizedRunnable.run(PrioritizedEsThreadPoolExecutor.java:207) [elasticsearch-6.6.0.jar:6.6.0]
	at java.util.concurrent.ThreadPoolExecutor.runWorker(ThreadPoolExecutor.java:1128) [?:?]
	at java.util.concurrent.ThreadPoolExecutor$Worker.run(ThreadPoolExecutor.java:628) [?:?]
	at java.lang.Thread.run(Thread.java:834) [?:?]
[2019-02-07T16:45:28,333][INFO ][o.e.c.m.MetaDataCreateIndexService] [PuSgBmz] [testprofiles] creating index, cause [auto(bulk api)], templates [], shards [5]/[1], mappings []
[2019-02-07T16:45:28,623][INFO ][o.e.c.m.MetaDataMappingService] [PuSgBmz] [testprofiles/xhAEnqzPT5a9buO9WZ21yQ] create_mapping [users]
[2019-02-07T17:04:20,714][INFO ][o.e.c.m.MetaDataCreateIndexService] [PuSgBmz] [searchindex] creating index, cause [auto(bulk api)], templates [], shards [5]/[1], mappings []
[2019-02-07T17:04:21,030][INFO ][o.e.c.m.MetaDataMappingService] [PuSgBmz] [searchindex/a0ogwBTGTDCryWx-Vzpiag] create_mapping [users]
[2019-02-07T19:35:02,279][INFO ][o.e.x.m.p.NativeController] [PuSgBmz] Native controller process has stopped - no new native processes can be started
[2019-02-07T19:35:02,279][INFO ][o.e.n.Node               ] [PuSgBmz] stopping ...
[2019-02-07T19:35:02,295][INFO ][o.e.x.w.WatcherService   ] [PuSgBmz] stopping watch service, reason [shutdown initiated]
[2019-02-07T19:35:02,679][INFO ][o.e.n.Node               ] [PuSgBmz] stopped
[2019-02-07T19:35:02,680][INFO ][o.e.n.Node               ] [PuSgBmz] closing ...
[2019-02-07T19:35:02,702][INFO ][o.e.n.Node               ] [PuSgBmz] closed
